timestamp: 2008-02-04T21:35:02.828000
CREATE TABLE authors(
	id INTEGER PRIMARY KEY AUTOINCREMENT,
	author_name CHAR(32),
	author_email CHAR(32)
);
success!
timestamp: 2008-02-04T21:35:39.796000
CREATE TABLE posts(
	id INTEGER PRIMARY KEY AUTOINCREMENT,
	post_title CHAR(32),
	post_text TEXT,
	post_author REFERENCES authors(id) ON DELETE CASCADE,
	post_time CHAR(32),
	post_status CHAR(32)
);
success!
timestamp: 2008-02-04T21:35:39.906000
CREATE TABLE comments(
	id INTEGER PRIMARY KEY AUTOINCREMENT,
	comment_author CHAR(32),
	comment_author_email CHAR(32),
	comment_text TEXT,
	comment_time CHAR(32)
);
success!
timestamp: 2008-02-04T21:35:40
CREATE TABLE categories(
	id INTEGER PRIMARY KEY AUTOINCREMENT,
	category_name CHAR(32)
);
success!
timestamp: 2008-02-04T21:36:17.437000
CREATE TABLE cat_to_post(
	id INTEGER PRIMARY KEY AUTOINCREMENT,
	cat_id REFERENCES categories(id) ON DELETE CASCADE,
	post_id REFERENCES posts(id) ON DELETE CASCADE
);
success!
timestamp: 2008-02-04T21:36:17.546000
CREATE TABLE links(
	id INTEGER PRIMARY KEY AUTOINCREMENT,
	link_title CHAR(32),
	link_url CHAR(32)
);
success!
timestamp: 2008-02-06T14:56:41.921000
ALTER TABLE posts ADD COLUMN post_type CHAR(32);
success!
timestamp: 2008-02-07T19:22:38.671000
ALTER TABLE comments ADD COLUMN post_id REFERENCES posts(id) ON DELETE CASCADE;
success!
timestamp: 2008-02-08T16:44:23.935000
ALTER TABLE comments ADD COLUMN comment_author_website CHAR(32);
success!
timestamp: 2008-02-10T15:30:15.890000
ALTER TABLE posts ADD COLUMN post_category CHAR(32);
success!
timestamp: 2010-07-15T13:52:45.893053
CREATE TABLE auth_user(
    id INTEGER PRIMARY KEY AUTOINCREMENT,
    display_name CHAR(512),
    email CHAR(512),
    password CHAR(512),
    registration_key CHAR(512),
    reset_password_key CHAR(512)
);
success!
timestamp: 2010-07-15T13:52:46.026881
CREATE TABLE auth_group(
    id INTEGER PRIMARY KEY AUTOINCREMENT,
    role CHAR(512),
    description TEXT
);
success!
timestamp: 2010-07-15T13:52:46.168279
CREATE TABLE auth_membership(
    id INTEGER PRIMARY KEY AUTOINCREMENT,
    user_id REFERENCES auth_user(id) ON DELETE CASCADE,
    group_id REFERENCES auth_group(id) ON DELETE CASCADE
);
success!
timestamp: 2010-07-15T13:52:46.294396
CREATE TABLE auth_permission(
    id INTEGER PRIMARY KEY AUTOINCREMENT,
    group_id REFERENCES auth_group(id) ON DELETE CASCADE,
    name CHAR(512),
    table_name CHAR(512),
    record_id INTEGER
);
success!
timestamp: 2010-07-15T13:52:46.412125
CREATE TABLE auth_event(
    id INTEGER PRIMARY KEY AUTOINCREMENT,
    time_stamp TIMESTAMP,
    client_ip CHAR(512),
    user_id REFERENCES auth_user(id) ON DELETE CASCADE,
    origin CHAR(512),
    description TEXT
);
success!
timestamp: 2010-07-16T16:23:23.981068
ALTER TABLE posts ADD show_in_menu CHAR(1);
timestamp: 2010-07-17T19:39:14.550320
CREATE TABLE files(
    id INTEGER PRIMARY KEY AUTOINCREMENT,
    file CHAR(512),
    filename CHAR(512)
);
success!
timestamp: 2010-07-22T13:00:02.738333
ALTER TABLE auth_user ADD is_admin CHAR(1);
timestamp: 2010-07-22T13:00:02.849689
ALTER TABLE auth_user ADD is_anonymous CHAR(1);
timestamp: 2010-07-22T13:00:02.974845
ALTER TABLE posts ADD post_text_tcode CHAR(512);
timestamp: 2010-07-22T13:00:03.094001
ALTER TABLE posts ADD is_translated CHAR(1);
timestamp: 2010-07-25T14:08:49.195079
ALTER TABLE auth_user ADD registration_id CHAR(512);
timestamp: 2010-07-25T14:08:49.350597
ALTER TABLE auth_user ADD last_name CHAR(512);
timestamp: 2010-07-25T14:08:49.461550
ALTER TABLE auth_user ADD first_name CHAR(512);
timestamp: 2010-09-02T10:04:34.426921
CREATE TABLE app_details(
    id INTEGER PRIMARY KEY AUTOINCREMENT,
    app CHAR(512),
    title CHAR(512),
    keywords CHAR(512),
    description TEXT
);
success!
timestamp: 2010-09-02T16:58:47.545415
ALTER TABLE app_details ADD name CHAR(512);
timestamp: 2010-10-24T12:32:54.213790
ALTER TABLE posts ADD post_attributes_json TEXT;
timestamp: 2011-01-05T11:33:57.160804
CREATE TABLE app_config(
    id INTEGER PRIMARY KEY AUTOINCREMENT,
    NAME CHAR(512),
    GDATA_API_CONSUMER_KEY CHAR(512),
    GDATA_API_CONSUMER_SECRET CHAR(512),
    GDATA_API_SIG_METHOD CHAR(512),
    MAIL_SETTINGS_SERVER CHAR(512),
    MAIL_SETTINGS_SENDER CHAR(512),
    MAIL_SETTINGS_LOGIN CHAR(512)
);
success!
timestamp: 2011-01-07T08:29:50.604346
ALTER TABLE app_config ADD app_metas TEXT;
timestamp: 2011-01-07T08:29:50.702595
ALTER TABLE app_config ADD picasa_api TEXT;
timestamp: 2011-01-07T08:29:50.780346
ALTER TABLE app_config ADD rpx_api TEXT;
timestamp: 2011-01-07T08:29:50.858143
ALTER TABLE app_config ADD app_current_languages TEXT;
timestamp: 2011-01-07T08:29:50.935854
ALTER TABLE app_config ADD mail_settings TEXT;
timestamp: 2011-01-07T11:37:43.745893
ALTER TABLE app_config ADD app_details TEXT;
timestamp: 2011-01-12T14:27:43.615483
ALTER TABLE app_config ADD twitter_api TEXT;
timestamp: 2011-01-14T14:34:48.094271
ALTER TABLE posts ADD application CHAR(512);
timestamp: 2011-01-31T14:30:22.667774
ALTER TABLE app_config ADD app_themes TEXT;
timestamp: 2011-02-06T10:40:10.430587
ALTER TABLE posts ADD post_posts TEXT;
timestamp: 2011-02-06T11:15:15.161280
ALTER TABLE app_config ADD app_init TEXT;
timestamp: 2011-02-18T09:33:20.315817
CREATE TABLE json(
    id INTEGER PRIMARY KEY AUTOINCREMENT,
    data TEXT
);
success!
timestamp: 2011-02-18T09:57:35.258550
ALTER TABLE posts ADD auth_requires_login CHAR(1);
timestamp: 2011-02-18T09:57:35.385599
ALTER TABLE json ADD name CHAR(512);
timestamp: 2011-02-21T11:11:52.203225
ALTER TABLE app_config ADD blogger_blogs_themes TEXT;
timestamp: 2011-02-21T11:11:52.304353
ALTER TABLE app_config ADD blogger_blogs_languages TEXT;
timestamp: 2011-02-21T11:11:52.415727
ALTER TABLE app_config ADD blogger_api TEXT;
timestamp: 2011-02-25T12:44:07.197609
CREATE TABLE app_themes(
    id INTEGER PRIMARY KEY AUTOINCREMENT,
    theme_name CHAR(512),
    theme_base CHAR(512),
    theme_stylesheet_url CHAR(512),
    theme_editor CHAR(512)
);
success!
timestamp: 2011-03-03T16:31:18.382362
ALTER TABLE files ADD user CHAR(512);
timestamp: 2011-04-19T10:03:31.674001
ALTER TABLE app_config ADD app_security_details TEXT;
timestamp: 2011-04-25T17:53:23.550487
ALTER TABLE app_config ADD app_modules_details TEXT;
timestamp: 2011-05-02T20:51:46.284761
ALTER TABLE posts ADD post_child CHAR(512);
timestamp: 2011-05-02T20:51:46.402778
CREATE TABLE posts_categories(
    id INTEGER PRIMARY KEY AUTOINCREMENT,
    category INTEGER REFERENCES categories(id) ON DELETE CASCADE,
    post INTEGER REFERENCES posts(id) ON DELETE CASCADE
);
success!
timestamp: 2011-05-03T21:23:08.584558
ALTER TABLE posts ADD post_parent CHAR(512);
timestamp: 2011-05-07T10:15:12.180365
CREATE TABLE entities(
    id INTEGER PRIMARY KEY AUTOINCREMENT,
    name CHAR(512),
    data TEXT
);
success!
timestamp: 2011-05-07T14:29:13.033924
ALTER TABLE entities ADD group CHAR(512);
timestamp: 2011-05-07T14:30:37.510770
ALTER TABLE entities ADD group_name CHAR(512);
timestamp: 2011-05-08T15:13:25.588074
ALTER TABLE entities ADD block CHAR(512);
timestamp: 2011-05-08T15:22:24.063764
CREATE TABLE blocks_entities(
    id INTEGER PRIMARY KEY AUTOINCREMENT,
    entity INTEGER REFERENCES entities(id) ON DELETE CASCADE,
    block CHAR(512)
);
success!
timestamp: 2011-05-08T15:47:59.418407
CREATE TABLE entities_blocks(
    id INTEGER PRIMARY KEY AUTOINCREMENT,
    entity INTEGER REFERENCES entities(id) ON DELETE CASCADE,
    block CHAR(512)
);
success!
